<?xml version="1.0" encoding="UTF-8"?>
<testsuite name="MyArrayListTest" tests="1" skipped="0" failures="0" errors="0" timestamp="2023-10-09T11:32:14" hostname="sashaPc" time="0.014">
  <properties/>
  <testcase name="testSet()" classname="MyArrayListTest" time="0.014"/>
  <system-out><![CDATA[]]></system-out>
  <system-err><![CDATA[]]></system-err>
</testsuite>
